<?xml version="1.0" encoding="UTF-8"?>
<testng-results skipped="0" failed="0" ignored="0" total="1" passed="1">
  <reporter-output>
  </reporter-output>
  <suite name="Suite" duration-ms="11188" started-at="2023-01-29T18:28:03 IST" finished-at="2023-01-29T18:28:15 IST">
    <groups>
    </groups>
    <test name="Test" duration-ms="11188" started-at="2023-01-29T18:28:03 IST" finished-at="2023-01-29T18:28:15 IST">
      <class name="AbbottTest.CodeChallenge.HeaderLinkTest">
        <test-method status="PASS" signature="startReport()[pri:0, instance:AbbottTest.CodeChallenge.HeaderLinkTest@1e6454ec]" name="startReport" is-config="true" duration-ms="153" started-at="2023-01-29T18:28:03 IST" finished-at="2023-01-29T18:28:04 IST">
          <reporter-output>
          </reporter-output>
        </test-method> <!-- startReport -->
        <test-method status="PASS" signature="startTest()[pri:0, instance:AbbottTest.CodeChallenge.HeaderLinkTest@1e6454ec]" name="startTest" is-config="true" duration-ms="1788" started-at="2023-01-29T18:28:04 IST" depends-on-methods="resources.ExtentReportsClass.startReport" finished-at="2023-01-29T18:28:05 IST">
          <reporter-output>
          </reporter-output>
        </test-method> <!-- startTest -->
        <test-method status="PASS" signature="selectRegion()[pri:0, instance:AbbottTest.CodeChallenge.HeaderLinkTest@1e6454ec]" name="selectRegion" duration-ms="7810" started-at="2023-01-29T18:28:05 IST" finished-at="2023-01-29T18:28:13 IST">
          <reporter-output>
          </reporter-output>
        </test-method> <!-- selectRegion -->
        <test-method status="PASS" signature="getResult(org.testng.ITestResult)[pri:0, instance:AbbottTest.CodeChallenge.HeaderLinkTest@1e6454ec]" name="getResult" is-config="true" duration-ms="1168" started-at="2023-01-29T18:28:13 IST" finished-at="2023-01-29T18:28:14 IST">
          <params>
            <param index="0">
              <value>
                <![CDATA[[TestResult name=selectRegion status=SUCCESS method=HeaderLinkTest.selectRegion()[pri:0, instance:AbbottTest.CodeChallenge.HeaderLinkTest@1e6454ec] output={null}]]]>
              </value>
            </param>
          </params>
          <reporter-output>
          </reporter-output>
        </test-method> <!-- getResult -->
        <test-method status="PASS" signature="endTest()[pri:0, instance:AbbottTest.CodeChallenge.HeaderLinkTest@1e6454ec]" name="endTest" is-config="true" duration-ms="1" started-at="2023-01-29T18:28:14 IST" finished-at="2023-01-29T18:28:14 IST">
          <reporter-output>
          </reporter-output>
        </test-method> <!-- endTest -->
        <test-method status="PASS" signature="endReport()[pri:0, instance:AbbottTest.CodeChallenge.HeaderLinkTest@1e6454ec]" name="endReport" is-config="true" duration-ms="244" started-at="2023-01-29T18:28:14 IST" depends-on-methods="AbbottTest.CodeChallenge.HeaderLinkTest.endTest" finished-at="2023-01-29T18:28:15 IST">
          <reporter-output>
          </reporter-output>
        </test-method> <!-- endReport -->
      </class> <!-- AbbottTest.CodeChallenge.HeaderLinkTest -->
    </test> <!-- Test -->
  </suite> <!-- Suite -->
</testng-results>
